Hello world!
Tried to transmit out of window, skipping rest of the tranmissions!
Tried to transmit STREAM DATA out of window, skipping rest of the tranmissions!
Tried to transmit out of window, skipping rest of the tranmissions!
Tried to transmit out of window, skipping rest of the tranmissions!
Tried to transmit STREAM DATA out of window, skipping rest of the tranmissions!
Tried to transmit out of window, skipping rest of the tranmissions!
Tried to transmit STREAM DATA out of window, skipping rest of the tranmissions!
Tried to transmit out of window, skipping rest of the tranmissions!
Tried to transmit STREAM DATA out of window, skipping rest of the tranmissions!
Tried to transmit out of window, skipping rest of the tranmissions!
Tried to transmit out of window, skipping rest of the tranmissions!
Tried to transmit STREAM DATA out of window, skipping rest of the tranmissions!
Tried to transmit out of window, skipping rest of the tranmissions!
Tried to transmit STREAM DATA out of window, skipping rest of the tranmissions!
Tried to transmit out of window, skipping rest of the tranmissions!
Tried to transmit STREAM DATA out of window, skipping rest of the tranmissions!
Tried to transmit out of window, skipping rest of the tranmissions!
Tried to transmit STREAM DATA out of window, skipping rest of the tranmissions!
Tried to transmit out of window, skipping rest of the tranmissions!
Tried to transmit STREAM DATA out of window, skipping rest of the tranmissions!
Tried to transmit out of window, skipping rest of the tranmissions!
Tried to transmit STREAM DATA out of window, skipping rest of the tranmissions!
Tried to transmit out of window, skipping rest of the tranmissions!
Tried to transmit out of window, skipping rest of the tranmissions!
Tried to transmit STREAM DATA out of window, skipping rest of the tranmissions!
Tried to transmit out of window, skipping rest of the tranmissions!
Tried to transmit STREAM DATA out of window, skipping rest of the tranmissions!
Tried to transmit out of window, skipping rest of the tranmissions!
Tried to transmit STREAM DATA out of window, skipping rest of the tranmissions!
Tried to transmit out of window, skipping rest of the tranmissions!
Tried to transmit STREAM DATA out of window, skipping rest of the tranmissions!
Tried to transmit out of window, skipping rest of the tranmissions!
Tried to transmit STREAM DATA out of window, skipping rest of the tranmissions!
Tried to transmit out of window, skipping rest of the tranmissions!
Tried to transmit STREAM DATA out of window, skipping rest of the tranmissions!
Tried to transmit out of window, skipping rest of the tranmissions!
Tried to transmit STREAM DATA out of window, skipping rest of the tranmissions!
Tried to transmit out of window, skipping rest of the tranmissions!
Tried to transmit STREAM DATA out of window, skipping rest of the tranmissions!
Tried to transmit out of window, skipping rest of the tranmissions!
Tried to transmit STREAM DATA out of window, skipping rest of the tranmissions!
Tried to transmit out of window, skipping rest of the tranmissions!
Tried to transmit STREAM DATA out of window, skipping rest of the tranmissions!
Tried to transmit out of window, skipping rest of the tranmissions!
Tried to transmit STREAM DATA out of window, skipping rest of the tranmissions!
Tried to transmit out of window, skipping rest of the tranmissions!
Tried to transmit STREAM DATA out of window, skipping rest of the tranmissions!
Tried to transmit out of window, skipping rest of the tranmissions!
Tried to transmit STREAM DATA out of window, skipping rest of the tranmissions!
Tried to transmit out of window, skipping rest of the tranmissions!
Tried to transmit STREAM DATA out of window, skipping rest of the tranmissions!
Tried to transmit out of window, skipping rest of the tranmissions!
Tried to transmit STREAM DATA out of window, skipping rest of the tranmissions!
Tried to transmit out of window, skipping rest of the tranmissions!
Tried to transmit STREAM DATA out of window, skipping rest of the tranmissions!
Tried to transmit out of window, skipping rest of the tranmissions!
Tried to transmit STREAM DATA out of window, skipping rest of the tranmissions!
Tried to transmit out of window, skipping rest of the tranmissions!
Tried to transmit STREAM DATA out of window, skipping rest of the tranmissions!
Tried to transmit out of window, skipping rest of the tranmissions!
Tried to transmit STREAM DATA out of window, skipping rest of the tranmissions!
Tried to transmit out of window, skipping rest of the tranmissions!
Tried to transmit STREAM DATA out of window, skipping rest of the tranmissions!
Tried to transmit out of window, skipping rest of the tranmissions!
Tried to transmit STREAM DATA out of window, skipping rest of the tranmissions!
Tried to transmit out of window, skipping rest of the tranmissions!
Tried to transmit STREAM DATA out of window, skipping rest of the tranmissions!
Tried to transmit out of window, skipping rest of the tranmissions!
Tried to transmit STREAM DATA out of window, skipping rest of the tranmissions!
Tried to transmit out of window, skipping rest of the tranmissions!
Tried to transmit STREAM DATA out of window, skipping rest of the tranmissions!
Tried to transmit out of window, skipping rest of the tranmissions!
Tried to transmit STREAM DATA out of window, skipping rest of the tranmissions!
Tried to transmit out of window, skipping rest of the tranmissions!
Tried to transmit STREAM DATA out of window, skipping rest of the tranmissions!
Tried to transmit out of window, skipping rest of the tranmissions!
Tried to transmit STREAM DATA out of window, skipping rest of the tranmissions!
Tried to transmit out of window, skipping rest of the tranmissions!
Tried to transmit STREAM DATA out of window, skipping rest of the tranmissions!
Tried to transmit out of window, skipping rest of the tranmissions!
Tried to transmit STREAM DATA out of window, skipping rest of the tranmissions!
Tried to transmit out of window, skipping rest of the tranmissions!
Tried to transmit STREAM DATA out of window, skipping rest of the tranmissions!
Tried to transmit out of window, skipping rest of the tranmissions!
Tried to transmit STREAM DATA out of window, skipping rest of the tranmissions!
Tried to transmit out of window, skipping rest of the tranmissions!
Tried to transmit STREAM DATA out of window, skipping rest of the tranmissions!
Tried to transmit out of window, skipping rest of the tranmissions!
Tried to transmit STREAM DATA out of window, skipping rest of the tranmissions!
Tried to transmit out of window, skipping rest of the tranmissions!
Tried to transmit STREAM DATA out of window, skipping rest of the tranmissions!
^CSIGINT received!

****************************************************************
Scheduler minor cycle:          100 ms
Scheduler run-time:             47.08 s
Nr. of performed tasks:         2262
Nr. of detected overruns:       85

Application requirements:
[Req 1] Avoid task call rate: 204.383728 ms
[Req 2] See messages printed to stdout (starting with "[Req 2]")
[Req 3] See messages printed to stdout (starting with "[Req 3]")

Some extra parameters:
Number of illegal communications attempted (w/o go_ahead): 91 (7.50 %)
Number of legal communications made (w go_ahead): 1122 (92.50 %)
Number of total victims reported: 0 
Number of inaccurate victim position reports: 0 (-nan %)
Average IDLE time every minor cycle: 84.047836 ms

Summary of parameters:
#_runs: Number of times a given task has run
#_do:   Number of deadline overruns a given task has experienced
%_self: Percentage of overruns with respect to the number of
        times that task ran
%_all:  Percentage of overruns with respect to the global number
        of overruns

SUMMARY
-------------------
        MISS            NAV             CON             REF             REP             COM             AVO
        ----            ---             ---             ---             ---             ---             ---
#_runs  471             471             95              471             471             47              236
#_do    0               1               0               84              0               0               0
%_self  0.00%           0.21%           0.00%           17.83%          0.00%           0.00%           0.00%
%_all   0.00%           1.18%           0.00%           98.82%          0.00%           0.00%           0.00%

OVERALL PERFORMANCE OF SCHEDULER:       96.24%
OVERALL DEADLINE OVERRUNS OF SCHEDULER: 3.76%
****************************************************************
Goodbye from signal handler!
